<?xml version="1.0" encoding="UTF-8"?>
<robot generator="Robot 6.1.1 (Python 3.11.0 on darwin)" generated="20231025 14:27:51.037" rpa="false" schemaversion="4">
<suite id="s1" name="TestSuit" source="/Users/ganesh/Desktop/API_automation_test/TestSuit.robot">
<test id="s1-t1" name="Use a Keyword with multiple arguments" line="5">
<kw name="My Keyword" library="DemoLibrary">
<arg>Argument 1</arg>
<arg>Argument 2</arg>
<arg>Named Argument=One Value</arg>
<msg timestamp="20231025 14:27:51.129" level="INFO">Keyword got args: ('Argument 1', 'Argument 2') and kwargs: {'Named Argument': 'One Value'}</msg>
<status status="PASS" starttime="20231025 14:27:51.128" endtime="20231025 14:27:51.129"/>
</kw>
<status status="PASS" starttime="20231025 14:27:51.128" endtime="20231025 14:27:51.129"/>
</test>
<status status="PASS" starttime="20231025 14:27:51.071" endtime="20231025 14:27:51.130"/>
</suite>
<statistics>
<total>
<stat pass="1" fail="0" skip="0">All Tests</stat>
</total>
<tag>
</tag>
<suite>
<stat pass="1" fail="0" skip="0" id="s1" name="TestSuit">TestSuit</stat>
</suite>
</statistics>
<errors>
</errors>
</robot>
